kotlin version: 2.0.0
error message: java.nio.file.AccessDeniedException: C:\Users\patri\OneDrive\Documents\GitHub\MeBeatMe\core\build\classes\kotlin\metadata\commonMain
	at java.base/sun.nio.fs.WindowsException.translateToIOException(WindowsException.java:89)
	at java.base/sun.nio.fs.WindowsException.rethrowAsIOException(WindowsException.java:103)
	at java.base/sun.nio.fs.WindowsException.rethrowAsIOException(WindowsException.java:108)
	at java.base/sun.nio.fs.WindowsFileSystemProvider.implDelete(WindowsFileSystemProvider.java:275)
	at java.base/sun.nio.fs.AbstractFileSystemProvider.delete(AbstractFileSystemProvider.java:105)
	at java.base/java.nio.file.Files.delete(Files.java:1152)
	at org.jetbrains.kotlin.konan.file.File$deleteRecursively$1.invoke(File.kt:84)
	at org.jetbrains.kotlin.konan.file.File$deleteRecursively$1.invoke(File.kt:84)
	at org.jetbrains.kotlin.konan.file.File$postorder$1.postVisitDirectory(File.kt:114)
	at org.jetbrains.kotlin.konan.file.File$postorder$1.postVisitDirectory(File.kt:107)
	at java.base/java.nio.file.Files.walkFileTree(Files.java:2828)
	at java.base/java.nio.file.Files.walkFileTree(Files.java:2882)
	at org.jetbrains.kotlin.konan.file.File.postorder(File.kt:107)
	at org.jetbrains.kotlin.konan.file.File.deleteRecursively(File.kt:84)
	at org.jetbrains.kotlin.library.impl.BaseWriterImpl.<init>(KotlinLibraryWriterImpl.kt:43)
	at org.jetbrains.kotlin.library.impl.KotlinLibraryWriterImpl.<init>(KotlinLibraryWriterImpl.kt:102)
	at org.jetbrains.kotlin.library.impl.KotlinLibraryWriterImplKt.buildKotlinLibrary(KotlinLibraryWriterImpl.kt:128)
	at org.jetbrains.kotlin.library.impl.KotlinLibraryWriterImplKt.buildKotlinLibrary$default(KotlinLibraryWriterImpl.kt:109)
	at org.jetbrains.kotlin.cli.metadata.MetadataUtilsKt.buildKotlinMetadataLibrary(MetadataUtils.kt:27)
	at org.jetbrains.kotlin.cli.metadata.FirMetadataSerializer.serialize(FirMetadataSerializer.kt:204)
	at org.jetbrains.kotlin.cli.metadata.FirMetadataSerializer.serialize(FirMetadataSerializer.kt:48)
	at org.jetbrains.kotlin.cli.metadata.AbstractMetadataSerializer.analyzeAndSerialize(AbstractMetadataSerializer.kt:38)
	at org.jetbrains.kotlin.cli.metadata.K2MetadataCompiler.doExecute(K2MetadataCompiler.kt:134)
	at org.jetbrains.kotlin.cli.metadata.K2MetadataCompiler.doExecute(K2MetadataCompiler.kt:48)
	at org.jetbrains.kotlin.cli.common.CLICompiler.execImpl(CLICompiler.kt:104)
	at org.jetbrains.kotlin.cli.common.CLICompiler.execImpl(CLICompiler.kt:48)
	at org.jetbrains.kotlin.cli.common.CLITool.exec(CLITool.kt:101)
	at org.jetbrains.kotlin.daemon.CompileServiceImpl.compile(CompileServiceImpl.kt:1556)
	at java.base/jdk.internal.reflect.NativeMethodAccessorImpl.invoke0(Native Method)
	at java.base/jdk.internal.reflect.NativeMethodAccessorImpl.invoke(NativeMethodAccessorImpl.java:77)
	at java.base/jdk.internal.reflect.DelegatingMethodAccessorImpl.invoke(DelegatingMethodAccessorImpl.java:43)
	at java.base/java.lang.reflect.Method.invoke(Method.java:569)
	at java.rmi/sun.rmi.server.UnicastServerRef.dispatch(UnicastServerRef.java:360)
	at java.rmi/sun.rmi.transport.Transport$1.run(Transport.java:200)
	at java.rmi/sun.rmi.transport.Transport$1.run(Transport.java:197)
	at java.base/java.security.AccessController.doPrivileged(AccessController.java:712)
	at java.rmi/sun.rmi.transport.Transport.serviceCall(Transport.java:196)
	at java.rmi/sun.rmi.transport.tcp.TCPTransport.handleMessages(TCPTransport.java:587)
	at java.rmi/sun.rmi.transport.tcp.TCPTransport$ConnectionHandler.run0(TCPTransport.java:828)
	at java.rmi/sun.rmi.transport.tcp.TCPTransport$ConnectionHandler.lambda$run$0(TCPTransport.java:705)
	at java.base/java.security.AccessController.doPrivileged(AccessController.java:399)
	at java.rmi/sun.rmi.transport.tcp.TCPTransport$ConnectionHandler.run(TCPTransport.java:704)
	at java.base/java.util.concurrent.ThreadPoolExecutor.runWorker(ThreadPoolExecutor.java:1136)
	at java.base/java.util.concurrent.ThreadPoolExecutor$Worker.run(ThreadPoolExecutor.java:635)
	at java.base/java.lang.Thread.run(Thread.java:840)


